<?xml version="1.0" encoding="UTF-8"?>
<!-- Generated by org.testng.reporters.JUnitReportReporter -->
<testsuite hostname="lerato-ThinkPad-T540p" failures="0" tests="2" name="web.HomePage" time="19.310" errors="0" timestamp="2020-08-18T00:21:59 SAST" skipped="0">
  <testcase classname="web.HomePage" name="homePageNavigation" time="8.430"/>
  <system-out/>
  <testcase classname="web.HomePage" name="homePageNavigation" time="10.880"/>
  <system-out/>
</testsuite> <!-- web.HomePage -->
