<?xml version="1.0" encoding="UTF-8"?>
<!-- Generated by org.testng.reporters.JUnitReportReporter -->
<testsuite hostname="lerato-ThinkPad-T540p" failures="0" tests="1" name="web.cucumberOptions.TestRunner" time="0.000" errors="0" timestamp="2020-08-18T10:57:58 SAST" skipped="1">
  <testcase classname="web.cucumberOptions.TestRunner" name="feature" time="0.000">
    <skipped/>
  </testcase> <!-- feature -->
  <system-out/>
</testsuite> <!-- web.cucumberOptions.TestRunner -->
